<?xml version="1.0" encoding="UTF-8" ?>
<testsuite errors="0" failures="0" hostname="LAPTOP-IQADEC9T" name="test.CastDAOTest" skipped="0" tests="5" time="0.972" timestamp="2019-01-03T15:00:03">
  <properties>
    <property name="file.encoding.pkg" value="sun.io" />
    <property name="env.PROMPT" value="$P$G" />
    <property name="env.CUDA_SDK_BIN" value="C:\ProgramData\NVIDIACorporation\CUDA Samples\v9.0\bin\Win64" />
    <property name="java.home" value="C:\Program Files\Java\jre1.8.0_40" />
    <property name="env.DOCKER_TLS_VERIFY" value="1" />
    <property name="java.endorsed.dirs" value="C:\Program Files\Java\jre1.8.0_40\lib\endorsed" />
    <property name="env.USERNAME" value="Dream" />
    <property name="debuglevel" value="source,lines,vars" />
    <property name="ECLIPSE_HOME" value="../../../../Java EE/64位/eclipse-jee-luna-SR2-win32-x86_64/eclipse/" />
    <property name="sun.os.patch.level" value="" />
    <property name="java.vendor.url" value="http://java.oracle.com/" />
    <property name="env.COMPUTERNAME" value="LAPTOP-IQADEC9T" />
    <property name="env.ProgramFiles(x86)" value="C:\Program Files (x86)" />
    <property name="java.version" value="1.8.0_40" />
    <property name="eclipse.pdebuild.home" value="/F:/大学/Java EE/64位/eclipse-jee-luna-SR2-win32-x86_64/eclipse/plugins/org.eclipse.pde.build_3.9.0.v20140415-2029/./" />
    <property name="env.NO_PROXY" value="192.168.99.100" />
    <property name="ant.file.DouBanDB" value="F:\大学\数据库\实习\database_douban\DouBanDB\build.xml" />
    <property name="env.FPS_BROWSER_APP_PROFILE_STRING" value="Internet Explorer" />
    <property name="java.vendor.url.bug" value="http://bugreport.sun.com/bugreport/" />
    <property name="env.USERPROFILE" value="C:\Users\24380" />
    <property name="env.DOCKER_MACHINE_NAME" value="default" />
    <property name="ant.project.invoked-targets" value="build,ActorDAOTest.testDeleteActor,ActorDAOTest.testGetActorById,ActorDAOTest.testGetAllActor,ActorDAOTest.testInsertActor,ActorDAOTest.testUpdateActor,CastDAOTest.testDeleteCast,CastDAOTest.testGetCastByActorId,CastDAOTest.testGetCastByMovieId,CastDAOTest.testInsertCast,CastDAOTest.testUpdateCast,MoiveReviewCommentDAOTest.testDeleteMoviereviewcomment,MoiveReviewCommentDAOTest.testGetMoviereviewcommentById,MoiveReviewCommentDAOTest.testGetMoviereviewcommentByMovieReviewidId,MoiveReviewCommentDAOTest.testGetMoviereviewcommentByUserId,MoiveReviewCommentDAOTest.testInsertMoviereviewcomment,MoiveReviewCommentDAOTest.testUpdateMoviereviewcomment,MovieCommentDAOTest.testDeleteMoviecomment,MovieCommentDAOTest.testGetMoviecommentByMovieId,MovieCommentDAOTest.testGetMoviecommentByUserId,MovieCommentDAOTest.testInsertMoviecomment,MovieCommentDAOTest.testUpdateMoviecomment,MovieDAOTest.testDeleteMovie,MovieDAOTest.testGetAllMovie,MovieDAOTest.testGetMovieById,MovieDAOTest.testInsertMoviecomment,MovieDAOTest.testUpdateMovie,MovieDAOTest.testUpdateMoviecomment,MovieReviewDAOTest.testDeleteMoviereview,MovieReviewDAOTest.testGetMoviereviewById,MovieReviewDAOTest.testGetMoviereviewByTopicId,MovieReviewDAOTest.testGetMoviereviewByUserId,MovieReviewDAOTest.testInsertMoviereview,MovieReviewDAOTest.testUpdateMoviereview,MovieTypeDAOTest.testDeleteMovietype,MovieTypeDAOTest.testGetMovietypeByMovieId,MovieTypeDAOTest.testGetMovietypeByTypeId,MovieTypeDAOTest.testInsertMovietype,MovieTypeDAOTest.testUpdateMovietype,TopicDAOTest.testDeleteTopic,TopicDAOTest.testGetAllTopic,TopicDAOTest.testGetTopicById,TopicDAOTest.testInsertTopic,TopicDAOTest.testUpdateTopic,TypeDAOTest.testDeleteType,TypeDAOTest.testGetAllType,TypeDAOTest.testGetTypeById,TypeDAOTest.testInsertType,TypeDAOTest.testUpdateType,UserDAOTest,UserDAOTest.testGetAllUser,UserDAOTest.testGetUserByEmail,UserDAOTest.testDeleteUser,UserDAOTest.testInsertUser,UserDAOTest.testUpdateUser,UserDAOTest.testGetUserById,junitreport" />
    <property name="env.SystemRoot" value="C:\WINDOWS" />
    <property name="env.CUDA_PATH" value="C:\Program Files\NVIDIA GPU Computing Toolkit\CUDA\v9.0" />
    <property name="user.name" value="Dream" />
    <property name="sun.io.unicode.encoding" value="UnicodeLittle" />
    <property name="sun.jnu.encoding" value="GBK" />
    <property name="java.runtime.name" value="Java(TM) SE Runtime Environment" />
    <property name="env.DOCKER_HOST" value="tcp://192.168.99.100:2376" />
    <property name="env.LOCALAPPDATA" value="C:\Users\24380\AppData\Local" />
    <property name="env.VS140COMNTOOLS" value="D:\vs2015\Common7\Tools\" />
    <property name="java.specification.name" value="Java Platform API Specification" />
    <property name="user.timezone" value="GMT+08:00" />
    <property name="env.RegionCode" value="APJ" />
    <property name="user.script" value="" />
    <property name="path.separator" value=";" />
    <property name="env.COMPOSE_CONVERT_WINDOWS_PATHS" value="true" />
    <property name="env.PROCESSOR_IDENTIFIER" value="Intel64 Family 6 Model 94 Stepping 3, GenuineIntel" />
    <property name="file.encoding" value="GBK" />
    <property name="ant.project.default-target" value="build" />
    <property name="sun.java.command" value="org.apache.tools.ant.taskdefs.optional.junit.JUnitTestRunner test.CastDAOTest filtertrace=true haltOnError=false haltOnFailure=false formatter=org.apache.tools.ant.taskdefs.optional.junit.OutErrSummaryJUnitResultFormatter showoutput=false outputtoformatters=true logfailedtests=true logtestlistenerevents=false formatter=org.apache.tools.ant.taskdefs.optional.junit.XMLJUnitResultFormatter,F:\大学\数据库\实习\database_douban\DouBanDB\junit\TEST-test.CastDAOTest.xml crashfile=F:\大学\数据库\实习\database_douban\DouBanDB\junitvmwatcher4750526064924896141.properties propsfile=F:\大学\数据库\实习\database_douban\DouBanDB\junit676700894543138231.properties" />
    <property name="env.NUMBER_OF_PROCESSORS" value="4" />
    <property name="env.APPDATA" value="C:\Users\24380\AppData\Roaming" />
    <property name="ant.file" value="F:\大学\数据库\实习\database_douban\DouBanDB\build.xml" />
    <property name="java.io.tmpdir" value="C:\Users\24380\AppData\Local\Temp\" />
    <property name="env.CUDA_PATH_V9_0" value="C:\Program Files\NVIDIA GPU Computing Toolkit\CUDA\v9.0" />
    <property name="user.language" value="zh" />
    <property name="env.SystemDrive" value="C:" />
    <property name="line.separator" value="&#xd;&#xa;" />
    <property name="target" value="1.8" />
    <property name="java.vm.info" value="mixed mode" />
    <property name="source" value="1.8" />
    <property name="env.NVTOOLSEXT_PATH" value="C:\Program Files\NVIDIA Corporation\NvToolsExt\" />
    <property name="env.MXNET_HOME" value="D:\深度学习\prebuildbase_win10_x64_vc14_v2\" />
    <property name="sun.desktop" value="windows" />
    <property name="java.vm.specification.name" value="Java Virtual Machine Specification" />
    <property name="env.PATHEXT" value=".COM;.EXE;.BAT;.CMD;.VBS;.VBE;.JS;.JSE;.WSF;.WSH;.MSC" />
    <property name="env.MOZ_PLUGIN_PATH" value="D:\福昕PDF\Foxit Reader\plugins\" />
    <property name="env.USERDOMAIN_ROAMINGPROFILE" value="LAPTOP-IQADEC9T" />
    <property name="env.LOGONSERVER" value="\\LAPTOP-IQADEC9T" />
    <property name="env.CUDA_LIB_PATH" value="C:\Program Files\NVIDIA GPU Computing Toolkit\CUDA\v9.0\lib\Win32" />
    <property name="eclipse.pdebuild.templates" value="/F:/大学/Java EE/64位/eclipse-jee-luna-SR2-win32-x86_64/eclipse/plugins/org.eclipse.pde.build_3.9.0.v20140415-2029/templates/" />
    <property name="java.awt.printerjob" value="sun.awt.windows.WPrinterJob" />
    <property name="env.PUBLIC" value="C:\Users\Public" />
    <property name="ant.version" value="Apache Ant(TM) version 1.9.2 compiled on July 8 2013" />
    <property name="env.USERDOMAIN" value="LAPTOP-IQADEC9T" />
    <property name="env.VBOX_MSI_INSTALL_PATH" value="C:\Program Files\Oracle\VirtualBox\" />
    <property name="env.PROCESSOR_LEVEL" value="6" />
    <property name="env.windir" value="C:\WINDOWS" />
    <property name="env.CommonProgramFiles(x86)" value="C:\Program Files (x86)\Common Files" />
    <property name="env.CLASSPATH" value=".;%JAVA_HOME%\lib;C:\Program Files\apache-tomcat-8.0.20-windows-x64\apache-tomcat-8.0.20\lib;" />
    <property name="os.name" value="Windows 8.1" />
    <property name="java.specification.vendor" value="Oracle Corporation" />
    <property name="env.DOCKER_CERT_PATH" value="C:\Users\24380\.docker\machine\machines\default" />
    <property name="env.CUDA_BIN_PATH" value="C:\Program Files\NVIDIA GPU Computing Toolkit\CUDA\v9.0\bin" />
    <property name="env.TMP" value="C:\Users\24380\AppData\Local\Temp" />
    <property name="java.vm.name" value="Java HotSpot(TM) 64-Bit Server VM" />
    <property name="env.ProgramData" value="C:\ProgramData" />
    <property name="env.DOCKER_TOOLBOX_INSTALL_PATH" value="D:\docker\Docker Toolbox" />
    <property name="env.OS" value="Windows_NT" />
    <property name="java.library.path" value="C:\Program Files\Java\jre1.8.0_40\bin;C:\WINDOWS\Sun\Java\bin;C:\WINDOWS\system32;C:\WINDOWS;C:/Program Files/Java/jre1.8.0_40/bin/server;C:/Program Files/Java/jre1.8.0_40/bin;C:/Program Files/Java/jre1.8.0_40/lib/amd64;C:\ProgramData\Oracle\Java\javapath;C:\Program Files\NVIDIA GPU Computing Toolkit\CUDA\v9.0\bin;C:\Program Files\NVIDIA GPU Computing Toolkit\CUDA\v9.0\libnvvp;C:\Program Files (x86)\Intel\iCLS Client\;C:\Program Files\Intel\iCLS Client\;C:\windows\system32;C:\windows;C:\windows\System32\Wbem;C:\windows\System32\WindowsPowerShell\v1.0\;C:\Users\24380\.dnx\bin;C:\Program Files\Microsoft DNX\Dnvm\;C:\Program Files (x86)\Windows Kits\8.1\Windows Performance Toolkit\;C:\WINDOWS\system32;C:\WINDOWS;C:\WINDOWS\System32\Wbem;C:\WINDOWS\System32\WindowsPowerShell\v1.0\;D:\node\;C:\Program Files (x86)\GtkSharp\2.12\bin;C:\Program Files (x86)\NVIDIA Corporation\PhysX\Common;C:\Program Files\Common Files\Autodesk Shared\;C:\Program Files (x86)\Intel\Intel(R) Management Engine Components\DAL;C:\Program Files\Intel\Intel(R) Management Engine Components\DAL;C:\Program Files (x86)\Intel\Intel(R) Management Engine Components\IPT;C:\Program Files\Intel\Intel(R) Management Engine Components\IPT;C:\WINDOWS\System32\OpenSSH\;D:\Rational\common;C:\Program Files\Intel\WiFi\bin\;C:\Program Files\Common Files\Intel\WirelessCommon\;C:\Program Files\NVIDIA GPU Computing Toolkit\CUDA\v9.0\lib\x64;C:\Program Files\NVIDIA GPU Computing Toolkit\CUDA\v9.0\extras\CUPTI\libx64;&quot;;C:\Program Files\NVIDIA GPU Computing Toolkit\CUDA\v9.0\lib\Win32;C:\Program Files\NVIDIA GPU Computing Toolkit\CUDA\v9.0\bin;%CUDA_SDK_LIB_PATH%;%CUDA_SDK_BIN_PATH%;&quot;;C:\Program Files\Java\jdk1.8.0_40\bin;&quot;C:\Program Files\Java\jdk1.8.0_40\jre\bin;&quot;;C:\Program Files\Microsoft SQL Server\110\DTS\Binn\;C:\Program Files (x86)\Microsoft SQL Server\110\Tools\Binn\;C:\Program Files\Microsoft SQL Server\110\Tools\Binn\;C:\Program Files (x86)\Microsoft SQL Server\110\Tools\Binn\ManagementStudio\;C:\Program Files (x86)\Microsoft Visual Studio 10.0\Common7\IDE\PrivateAssemblies\;C:\Program Files (x86)\Microsoft SQL Server\110\DTS\Binn\;D:\深度学习\protoc-3.4.0-win32\bin;D:\;naconda\Lib\site-packages\tensorflow\models\research;D:\Anaconda\Lib\site-packages\tensorflow\models\research\slim;D:\vs code\Microsoft VS Code\bin;D:\Anaconda\Lib\site-packages\tensorflow\models\research\object_detection;C:\Program Files\NVIDIA Corporation\NVIDIA NvDLISR;D:\Git\cmd;C:\Users\24380\AppData\Local\Programs\Python\Python36-32\Scripts\;C:\Users\24380\AppData\Local\Programs\Python\Python36-32\;C:\Users\24380\AppData\Local\Microsoft\WindowsApps;C:\Users\24380\AppData\Roaming\npm;D:\vs code\Microsoft VS Code\bin;C:\Program Files\Intel\WiFi\bin\;C:\Program Files\Common Files\Intel\WirelessCommon\;C:\Program Files\Java\jdk1.8.0_40\bin;C:\ProgramData\NVIDIA GPU Computing Toolkit\v9.2;;D:\docker\Docker Toolbox;F:\大学\Java EE\64位\eclipse-jee-luna-SR2-win32-x86_64\eclipse;;." />
    <property name="env.ADSK_3DSMAX_x64_2017" value="D:\3ds max2017\3ds Max 2017\" />
    <property name="eclipse.pdebuild.scripts" value="/F:/大学/Java EE/64位/eclipse-jee-luna-SR2-win32-x86_64/eclipse/plugins/org.eclipse.pde.build_3.9.0.v20140415-2029/scripts/" />
    <property name="ant.java.version" value="1.8" />
    <property name="env.platformcode" value="KV" />
    <property name="basedir" value="F:\大学\数据库\实习\database_douban\DouBanDB" />
    <property name="java.class.version" value="52.0" />
    <property name="env.JAVA_HOME9" value="C:\Program Files\Java\jdk-9.0.4" />
    <property name="ant.home" value="F:\大学\Java EE\64位\eclipse-jee-luna-SR2-win32-x86_64\eclipse\plugins\org.apache.ant_1.9.2.v201404171502" />
    <property name="env.JAVA_HOME8" value="C:\Program Files\Java\jdk1.8.0_40" />
    <property name="env.Path" value="C:/Program Files/Java/jre1.8.0_40/bin/server;C:/Program Files/Java/jre1.8.0_40/bin;C:/Program Files/Java/jre1.8.0_40/lib/amd64;C:\ProgramData\Oracle\Java\javapath;C:\Program Files\NVIDIA GPU Computing Toolkit\CUDA\v9.0\bin;C:\Program Files\NVIDIA GPU Computing Toolkit\CUDA\v9.0\libnvvp;C:\Program Files (x86)\Intel\iCLS Client\;C:\Program Files\Intel\iCLS Client\;C:\windows\system32;C:\windows;C:\windows\System32\Wbem;C:\windows\System32\WindowsPowerShell\v1.0\;C:\Users\24380\.dnx\bin;C:\Program Files\Microsoft DNX\Dnvm\;C:\Program Files (x86)\Windows Kits\8.1\Windows Performance Toolkit\;C:\WINDOWS\system32;C:\WINDOWS;C:\WINDOWS\System32\Wbem;C:\WINDOWS\System32\WindowsPowerShell\v1.0\;D:\node\;C:\Program Files (x86)\GtkSharp\2.12\bin;C:\Program Files (x86)\NVIDIA Corporation\PhysX\Common;C:\Program Files\Common Files\Autodesk Shared\;C:\Program Files (x86)\Intel\Intel(R) Management Engine Components\DAL;C:\Program Files\Intel\Intel(R) Management Engine Components\DAL;C:\Program Files (x86)\Intel\Intel(R) Management Engine Components\IPT;C:\Program Files\Intel\Intel(R) Management Engine Components\IPT;C:\WINDOWS\System32\OpenSSH\;D:\Rational\common;C:\Program Files\Intel\WiFi\bin\;C:\Program Files\Common Files\Intel\WirelessCommon\;C:\Program Files\NVIDIA GPU Computing Toolkit\CUDA\v9.0\lib\x64;C:\Program Files\NVIDIA GPU Computing Toolkit\CUDA\v9.0\extras\CUPTI\libx64;&quot;;C:\Program Files\NVIDIA GPU Computing Toolkit\CUDA\v9.0\lib\Win32;C:\Program Files\NVIDIA GPU Computing Toolkit\CUDA\v9.0\bin;%CUDA_SDK_LIB_PATH%;%CUDA_SDK_BIN_PATH%;&quot;;C:\Program Files\Java\jdk1.8.0_40\bin;&quot;C:\Program Files\Java\jdk1.8.0_40\jre\bin;&quot;;C:\Program Files\Microsoft SQL Server\110\DTS\Binn\;C:\Program Files (x86)\Microsoft SQL Server\110\Tools\Binn\;C:\Program Files\Microsoft SQL Server\110\Tools\Binn\;C:\Program Files (x86)\Microsoft SQL Server\110\Tools\Binn\ManagementStudio\;C:\Program Files (x86)\Microsoft Visual Studio 10.0\Common7\IDE\PrivateAssemblies\;C:\Program Files (x86)\Microsoft SQL Server\110\DTS\Binn\;D:\深度学习\protoc-3.4.0-win32\bin;D:\;naconda\Lib\site-packages\tensorflow\models\research;D:\Anaconda\Lib\site-packages\tensorflow\models\research\slim;D:\vs code\Microsoft VS Code\bin;D:\Anaconda\Lib\site-packages\tensorflow\models\research\object_detection;C:\Program Files\NVIDIA Corporation\NVIDIA NvDLISR;D:\Git\cmd;C:\Users\24380\AppData\Local\Programs\Python\Python36-32\Scripts\;C:\Users\24380\AppData\Local\Programs\Python\Python36-32\;C:\Users\24380\AppData\Local\Microsoft\WindowsApps;C:\Users\24380\AppData\Roaming\npm;D:\vs code\Microsoft VS Code\bin;C:\Program Files\Intel\WiFi\bin\;C:\Program Files\Common Files\Intel\WirelessCommon\;C:\Program Files\Java\jdk1.8.0_40\bin;C:\ProgramData\NVIDIA GPU Computing Toolkit\v9.2;;D:\docker\Docker Toolbox;F:\大学\Java EE\64位\eclipse-jee-luna-SR2-win32-x86_64\eclipse;" />
    <property name="env.HOMEDRIVE" value="C:" />
    <property name="env.AV_APPDATA" value="C:\Users\24380\AppData\Roaming" />
    <property name="sun.boot.library.path" value="C:\Program Files\Java\jre1.8.0_40\bin" />
    <property name="env.PROCESSOR_REVISION" value="5e03" />
    <property name="sun.management.compiler" value="HotSpot 64-Bit Tiered Compilers" />
    <property name="java.awt.graphicsenv" value="sun.awt.Win32GraphicsEnvironment" />
    <property name="user.variant" value="" />
    <property name="ant.file.type.DouBanDB" value="file" />
    <property name="env.GTK_BASEPATH" value="C:\Program Files (x86)\GtkSharp\2.12\" />
    <property name="env.JRE_HOME" value="C:\Program Files\Java\jre1.8.0_40" />
    <property name="env.asl.log" value="Destination=file" />
    <property name="ant.project.name" value="DouBanDB" />
    <property name="java.vm.specification.version" value="1.8" />
    <property name="awt.toolkit" value="sun.awt.windows.WToolkit" />
    <property name="sun.cpu.isalist" value="amd64" />
    <property name="java.ext.dirs" value="C:\Program Files\Java\jre1.8.0_40\lib\ext;C:\WINDOWS\Sun\Java\lib\ext" />
    <property name="os.version" value="6.3" />
    <property name="user.home" value="C:\Users\24380" />
    <property name="java.vm.vendor" value="Oracle Corporation" />
    <property name="env.DriverData" value="C:\Windows\System32\Drivers\DriverData" />
    <property name="env.CommonProgramW6432" value="C:\Program Files\Common Files" />
    <property name="env.JAVA_HOME" value="C:\Program Files\Java\jdk1.8.0_40" />
    <property name="env.ProgramW6432" value="C:\Program Files" />
    <property name="junit.output.dir" value="junit" />
    <property name="user.dir" value="F:\大学\数据库\实习\database_douban\DouBanDB" />
    <property name="env.OnlineServices" value="Online Services" />
    <property name="sun.cpu.endian" value="little" />
    <property name="env.ALLUSERSPROFILE" value="C:\ProgramData" />
    <property name="env.PROCESSOR_ARCHITECTURE" value="AMD64" />
    <property name="java.vm.version" value="25.40-b25" />
    <property name="java.class.path" value="F:\大学\数据库\实习\database_douban\DouBanDB\bin;F:\大学\Java EE\64位\eclipse-jee-luna-SR2-win32-x86_64\eclipse\plugins\org.junit_4.11.0.v201303080030\junit.jar;F:\大学\Java EE\64位\eclipse-jee-luna-SR2-win32-x86_64\eclipse\plugins\org.hamcrest.core_1.3.0.v201303031735.jar;F:\大学\数据库\2018实验\实验6\jar\sqljdbc4.jar;F:\大学\数据库\实习\database_douban\DouBanDB;C:\Program Files\apache-tomcat-8.0.20-windows-x64\apache-tomcat-8.0.20\lib;F:\大学\Java EE\64位\eclipse-jee-luna-SR2-win32-x86_64\eclipse\plugins\org.apache.ant_1.9.2.v201404171502\lib\ant-launcher.jar;F:\大学\Java EE\64位\eclipse-jee-luna-SR2-win32-x86_64\eclipse\plugins\org.apache.ant_1.9.2.v201404171502\lib\ant.jar;F:\大学\Java EE\64位\eclipse-jee-luna-SR2-win32-x86_64\eclipse\plugins\org.apache.ant_1.9.2.v201404171502\lib\ant-junit.jar;F:\大学\Java EE\64位\eclipse-jee-luna-SR2-win32-x86_64\eclipse\plugins\org.apache.ant_1.9.2.v201404171502\lib\ant-junit4.jar" />
    <property name="env.HOMEPATH" value="\Users\24380" />
    <property name="ant.library.dir" value="F:\大学\Java EE\64位\eclipse-jee-luna-SR2-win32-x86_64\eclipse\plugins\org.apache.ant_1.9.2.v201404171502\lib" />
    <property name="env.NVCUDASAMPLES9_0_ROOT" value="C:\ProgramData\NVIDIA Corporation\CUDA Samples\v9.0" />
    <property name="os.arch" value="amd64" />
    <property name="env.OneDrive" value="C:\Users\24380\OneDrive" />
    <property name="env.SESSIONNAME" value="Console" />
    <property name="sun.java.launcher" value="SUN_STANDARD" />
    <property name="env.CommonProgramFiles" value="C:\Program Files\Common Files" />
    <property name="ant.core.lib" value="F:\大学\Java EE\64位\eclipse-jee-luna-SR2-win32-x86_64\eclipse\plugins\org.apache.ant_1.9.2.v201404171502\lib\ant.jar" />
    <property name="env.ProgramFiles" value="C:\Program Files" />
    <property name="java.vm.specification.vendor" value="Oracle Corporation" />
    <property name="file.separator" value="\" />
    <property name="java.runtime.version" value="1.8.0_40-b25" />
    <property name="sun.boot.class.path" value="C:\Program Files\Java\jre1.8.0_40\lib\resources.jar;C:\Program Files\Java\jre1.8.0_40\lib\rt.jar;C:\Program Files\Java\jre1.8.0_40\lib\sunrsasign.jar;C:\Program Files\Java\jre1.8.0_40\lib\jsse.jar;C:\Program Files\Java\jre1.8.0_40\lib\jce.jar;C:\Program Files\Java\jre1.8.0_40\lib\charsets.jar;C:\Program Files\Java\jre1.8.0_40\lib\jfr.jar;C:\Program Files\Java\jre1.8.0_40\classes" />
    <property name="env.ComSpec" value="C:\WINDOWS\system32\cmd.exe" />
    <property name="env.TEMP" value="C:\Users\24380\AppData\Local\Temp" />
    <property name="env.ANT_HOME" value="F:\大学\Java EE\64位\eclipse-jee-luna-SR2-win32-x86_64\eclipse\plugins\org.apache.ant_1.9.2.v201404171502" />
    <property name="user.country" value="CN" />
    <property name="env.FPS_BROWSER_USER_PROFILE_STRING" value="Default" />
    <property name="env.CUDA_SDK_PATH" value="C:\ProgramData\NVIDIACorporation\CUDA Samples\v9.0" />
    <property name="env.CUDA_SDK_LIB" value="C:\ProgramData\NVIDIACorporation\CUDA Samples\v9.0\common\lib\x64" />
    <property name="java.vendor" value="Oracle Corporation" />
    <property name="env.PSModulePath" value="C:\Program Files\WindowsPowerShell\Modules;C:\WINDOWS\system32\WindowsPowerShell\v1.0\Modules;C:\Program Files (x86)\Microsoft SQL Server\110\Tools\PowerShell\Modules\" />
    <property name="env.CATALINA_HOME" value="C:\Program Files\apache-tomcat-8.0.20-windows-x64\apache-tomcat-8.0.20" />
    <property name="env.NVCUDASAMPLES_ROOT" value="C:\ProgramData\NVIDIA Corporation\CUDA Samples\v9.0" />
    <property name="java.specification.version" value="1.8" />
    <property name="sun.arch.data.model" value="64" />
  </properties>
  <testcase classname="test.CastDAOTest" name="testGetCastByActorId" time="0.83" />
  <testcase classname="test.CastDAOTest" name="testUpdateCast" time="0.027" />
  <testcase classname="test.CastDAOTest" name="testInsertCast" time="0.028" />
  <testcase classname="test.CastDAOTest" name="testGetCastByMovieId" time="0.013" />
  <testcase classname="test.CastDAOTest" name="testDeleteCast" time="0.013" />
  <system-out><![CDATA[castid: 8
movieid: 6
actorid: 8
role: 演员 Actress (饰 萨曼莎 / 阿尔忒密斯 Samantha Evelyn Cook / Art3mis)

castid: 10
movieid: 2
actorid: 8
role: 演员 Actress（饰 测试龙套）

castid: 11
movieid: 2
actorid: 8
role: 演员 Actress（饰 测试龙套）

castid: 12
movieid: 2
actorid: 8
role: 演员 Actress（饰 测试龙套）

castid: 1
movieid: 2
actorid: 2
role: 导演 Director

castid: 4
movieid: 2
actorid: 3
role: 演员 Actor (饰 海王 / 亚瑟·库瑞 Arthur Curry / Aquaman)

castid: 10
movieid: 2
actorid: 8
role: 演员 Actress（饰 测试龙套）

castid: 11
movieid: 2
actorid: 8
role: 演员 Actress（饰 测试龙套）

castid: 12
movieid: 2
actorid: 8
role: 演员 Actress（饰 测试龙套）

castid: 13
movieid: 2
actorid: 8
role: 演员 Actress（饰 测试龙套）

]]></system-out>
  <system-err><![CDATA[]]></system-err>
</testsuite>
